#-----------------------------------------------------------
# Vivado v2017.4 (64-bit)
# SW Build 2086221 on Fri Dec 15 20:55:39 MST 2017
# IP Build 2085800 on Fri Dec 15 22:25:07 MST 2017
# Start of session at: Thu Dec  6 15:49:15 2018
# Process ID: 5688
# Current directory: C:/Users/hammi/OneDrive/Documenten/bitbucket/SchoolFPGA/WatchStop
# Command line: vivado.exe -gui_launcher_event rodinguilauncherevent15560 C:\Users\hammi\OneDrive\Documenten\bitbucket\SchoolFPGA\WatchStop\WatchStop.xpr
# Log file: C:/Users/hammi/OneDrive/Documenten/bitbucket/SchoolFPGA/WatchStop/vivado.log
# Journal file: C:/Users/hammi/OneDrive/Documenten/bitbucket/SchoolFPGA/WatchStop\vivado.jou
#-----------------------------------------------------------
start_gui
open_project C:/Users/hammi/OneDrive/Documenten/bitbucket/SchoolFPGA/WatchStop/WatchStop.xpr
Scanning sources...
Finished scanning sources
INFO: [IP_Flow 19-234] Refreshing IP repositories
INFO: [IP_Flow 19-1704] No user IP repositories specified
INFO: [IP_Flow 19-2313] Loaded Vivado IP repository 'C:/Xilinx/Vivado/2017.4/data/ip'.
update_compile_order -fileset sources_1
update_compile_order -fileset sources_1
export_ip_user_files -of_objects  [get_files C:/Users/hammi/OneDrive/Documenten/bitbucket/SchoolFPGA/WatchStop/WatchStop.srcs/sources_1/new/main.vhd] -no_script -reset -force -quiet
remove_files  C:/Users/hammi/OneDrive/Documenten/bitbucket/SchoolFPGA/WatchStop/WatchStop.srcs/sources_1/new/main.vhd
export_ip_user_files -of_objects  [get_files C:/Users/hammi/OneDrive/Documenten/bitbucket/SchoolFPGA/WatchStop/WatchStop.srcs/sources_1/imports/new/WatchStop.vhd] -no_script -reset -force -quiet
remove_files  C:/Users/hammi/OneDrive/Documenten/bitbucket/SchoolFPGA/WatchStop/WatchStop.srcs/sources_1/imports/new/WatchStop.vhd
export_ip_user_files -of_objects  [get_files C:/Users/hammi/OneDrive/Documenten/bitbucket/SchoolFPGA/WatchStop/WatchStop.srcs/sources_1/new/BinToBCD.vhd] -no_script -reset -force -quiet
remove_files  C:/Users/hammi/OneDrive/Documenten/bitbucket/SchoolFPGA/WatchStop/WatchStop.srcs/sources_1/new/BinToBCD.vhd
export_ip_user_files -of_objects  [get_files C:/Users/hammi/OneDrive/Documenten/bitbucket/SchoolFPGA/WatchStop/WatchStop.srcs/sources_1/new/ToSeg.vhd] -no_script -reset -force -quiet
remove_files  C:/Users/hammi/OneDrive/Documenten/bitbucket/SchoolFPGA/WatchStop/WatchStop.srcs/sources_1/new/ToSeg.vhd
export_ip_user_files -of_objects  [get_files C:/Users/hammi/OneDrive/Documenten/bitbucket/SchoolFPGA/WatchStop/WatchStop.srcs/sources_1/new/Statemachine.vhd] -no_script -reset -force -quiet
remove_files  C:/Users/hammi/OneDrive/Documenten/bitbucket/SchoolFPGA/WatchStop/WatchStop.srcs/sources_1/new/Statemachine.vhd
add_files -norecurse {C:/Users/hammi/OneDrive/Documenten/bitbucket/SchoolFPGA/WatchStop/WatchStop.srcs/sources_1/new/ToSeg.vhd C:/Users/hammi/OneDrive/Documenten/bitbucket/SchoolFPGA/WatchStop/WatchStop.srcs/sources_1/new/WatchStop.vhd C:/Users/hammi/OneDrive/Documenten/bitbucket/SchoolFPGA/WatchStop/WatchStop.srcs/sources_1/new/State_TB.vhd C:/Users/hammi/OneDrive/Documenten/bitbucket/SchoolFPGA/WatchStop/WatchStop.srcs/sources_1/new/Statemachine.vhd C:/Users/hammi/OneDrive/Documenten/bitbucket/SchoolFPGA/WatchStop/WatchStop.srcs/sources_1/new/main.vhd C:/Users/hammi/OneDrive/Documenten/bitbucket/SchoolFPGA/WatchStop/WatchStop.srcs/sources_1/new/MUX.vhd C:/Users/hammi/OneDrive/Documenten/bitbucket/SchoolFPGA/WatchStop/WatchStop.srcs/sources_1/new/BinToBCD.vhd}
update_compile_order -fileset sources_1
update_compile_order -fileset sources_1
set_property is_enabled false [get_files  C:/Users/hammi/OneDrive/Documenten/bitbucket/SchoolFPGA/WatchStop/WatchStop.srcs/sources_1/new/State_TB.vhd]
update_compile_order -fileset sources_1
add_files -fileset constrs_1 -norecurse C:/Users/hammi/OneDrive/Documenten/bitbucket/SchoolFPGA/WatchStop/WatchStop.srcs/constrs_1/new/WatchStop.xdc
launch_runs impl_1 -to_step write_bitstream -jobs 12
[Thu Dec  6 15:51:31 2018] Launched synth_1...
Run output will be captured here: C:/Users/hammi/OneDrive/Documenten/bitbucket/SchoolFPGA/WatchStop/WatchStop.runs/synth_1/runme.log
[Thu Dec  6 15:51:31 2018] Launched impl_1...
Run output will be captured here: C:/Users/hammi/OneDrive/Documenten/bitbucket/SchoolFPGA/WatchStop/WatchStop.runs/impl_1/runme.log
open_run impl_1
INFO: [Netlist 29-17] Analyzing 16 Unisim elements for replacement
INFO: [Netlist 29-28] Unisim Transformation completed in 0 CPU seconds
INFO: [Project 1-479] Netlist was created with Vivado 2017.4
INFO: [Device 21-403] Loading part xc7a35tcpg236-1
INFO: [Project 1-570] Preparing netlist for logic optimization
Parsing XDC File [C:/Users/hammi/OneDrive/Documenten/bitbucket/SchoolFPGA/WatchStop/.Xil/Vivado-5688-DESKTOP-7MRF67A/dcp0/main.xdc]
Finished Parsing XDC File [C:/Users/hammi/OneDrive/Documenten/bitbucket/SchoolFPGA/WatchStop/.Xil/Vivado-5688-DESKTOP-7MRF67A/dcp0/main.xdc]
Reading XDEF placement.
Reading placer database...
Reading XDEF routing.
Read XDEF File: Time (s): cpu = 00:00:00 ; elapsed = 00:00:00.034 . Memory (MB): peak = 1201.750 ; gain = 0.465
Restored from archive | CPU: 0.000000 secs | Memory: 0.000000 MB |
Finished XDEF File Restore: Time (s): cpu = 00:00:00 ; elapsed = 00:00:00.034 . Memory (MB): peak = 1201.750 ; gain = 0.465
INFO: [Project 1-111] Unisim Transformation Summary:
No Unisim elements were transformed.

open_run: Time (s): cpu = 00:00:12 ; elapsed = 00:00:08 . Memory (MB): peak = 1286.852 ; gain = 381.395
WARNING: [Timing 38-313] There are no user specified timing constraints. Timing constraints are needed for proper timing analysis.
open_hw
connect_hw_server -url localhost:3121
INFO: [Labtools 27-2285] Connecting to hw_server url TCP:localhost:3121
INFO: [Labtools 27-2222] Launching hw_server...
INFO: [Labtools 27-2221] Launch Output:

****** Xilinx hw_server v2017.4
  **** Build date : Dec 15 2017-21:08:27
    ** Copyright 1986-2017 Xilinx, Inc. All Rights Reserved.


current_hw_target [get_hw_targets */xilinx_tcf/Digilent/210183A38758A]
ERROR: [Labtoolstcl 44-199] No matching targets found on connected servers: localhost
Resolution: If needed connect the desired target to a server and use command refresh_hw_server. Then rerun the get_hw_targets command.
ERROR: [Common 17-39] 'get_hw_targets' failed due to earlier errors.
exit
INFO: [Common 17-206] Exiting Vivado at Thu Dec  6 15:54:35 2018...
