#-----------------------------------------------------------
# Vivado v2017.4 (64-bit)
# SW Build 2086221 on Fri Dec 15 20:55:39 MST 2017
# IP Build 2085800 on Fri Dec 15 22:25:07 MST 2017
# Start of session at: Fri Nov 16 09:16:11 2018
# Process ID: 4308
# Current directory: C:/Users/hammi/Documents/BitBucket/SchoolFPGA/Four_Bit_Adder
# Command line: vivado.exe -gui_launcher_event rodinguilauncherevent30812 C:\Users\hammi\Documents\BitBucket\SchoolFPGA\Four_Bit_Adder\Four_Bit_Adder.xpr
# Log file: C:/Users/hammi/Documents/BitBucket/SchoolFPGA/Four_Bit_Adder/vivado.log
# Journal file: C:/Users/hammi/Documents/BitBucket/SchoolFPGA/Four_Bit_Adder\vivado.jou
#-----------------------------------------------------------
start_gui
open_project C:/Users/hammi/Documents/BitBucket/SchoolFPGA/Four_Bit_Adder/Four_Bit_Adder.xpr
INFO: [Project 1-313] Project file moved from 'C:/Users/hammi/Documents/GitBucket/SchoolFPGA/Four_Bit_Adder' since last save.
Scanning sources...
Finished scanning sources
WARNING: [filemgmt 56-2] IPUserFilesDir: Could not find the directory 'C:/Users/hammi/Documents/BitBucket/SchoolFPGA/Four_Bit_Adder/Four_Bit_Adder.ip_user_files', nor could it be found using path 'C:/Users/hammi/Documents/GitBucket/SchoolFPGA/Four_Bit_Adder/Four_Bit_Adder.ip_user_files'.
INFO: [IP_Flow 19-234] Refreshing IP repositories
INFO: [IP_Flow 19-1704] No user IP repositories specified
INFO: [IP_Flow 19-2313] Loaded Vivado IP repository 'C:/Xilinx/Vivado/2017.4/data/ip'.
update_compile_order -fileset sources_1
open_hw
connect_hw_server -url localhost:3121
INFO: [Labtools 27-2285] Connecting to hw_server url TCP:localhost:3121
INFO: [Labtools 27-2222] Launching hw_server...
INFO: [Labtools 27-2221] Launch Output:

****** Xilinx hw_server v2017.4
  **** Build date : Dec 15 2017-21:08:27
    ** Copyright 1986-2017 Xilinx, Inc. All Rights Reserved.


current_hw_target [get_hw_targets */xilinx_tcf/Digilent/210183A38758A]
set_property PARAM.FREQUENCY 15000000 [get_hw_targets */xilinx_tcf/Digilent/210183A38758A]
open_hw_target
INFO: [Labtoolstcl 44-466] Opening hw_target localhost:3121/xilinx_tcf/Digilent/210183A38758A
current_hw_device [get_hw_devices xc7a35t_0]
refresh_hw_device -update_hw_probes false [lindex [get_hw_devices xc7a35t_0] 0]
INFO: [Labtools 27-1434] Device xc7a35t (JTAG device index = 0) is programmed with a design that has no supported debug core(s) in it.
WARNING: [Labtools 27-3361] The debug hub core was not detected.
Resolution: 
1. Make sure the clock connected to the debug hub (dbg_hub) core is a free running clock and is active.
2. Make sure the BSCAN_SWITCH_USER_MASK device property in Vivado Hardware Manager reflects the user scan chain setting in the design and refresh the device.  To determine the user scan chain setting in the design, open the implemented design and use 'get_property C_USER_SCAN_CHAIN [get_debug_cores dbg_hub]'.
For more details on setting the scan chain property, consult the Vivado Debug and Programming User Guide (UG908).
launch_runs impl_1 -to_step write_bitstream -jobs 2
[Fri Nov 16 09:17:05 2018] Launched synth_1...
Run output will be captured here: C:/Users/hammi/Documents/BitBucket/SchoolFPGA/Four_Bit_Adder/Four_Bit_Adder.runs/synth_1/runme.log
[Fri Nov 16 09:17:05 2018] Launched impl_1...
Run output will be captured here: C:/Users/hammi/Documents/BitBucket/SchoolFPGA/Four_Bit_Adder/Four_Bit_Adder.runs/impl_1/runme.log
open_run impl_1
INFO: [Netlist 29-17] Analyzing 8 Unisim elements for replacement
INFO: [Netlist 29-28] Unisim Transformation completed in 0 CPU seconds
INFO: [Project 1-479] Netlist was created with Vivado 2017.4
INFO: [Device 21-403] Loading part xc7a35tcpg236-1
INFO: [Project 1-570] Preparing netlist for logic optimization
Parsing XDC File [C:/Users/hammi/Documents/BitBucket/SchoolFPGA/Four_Bit_Adder/.Xil/Vivado-4308-LAPTOP-5GHVJTMA/dcp0/FourBitAdder.xdc]
Finished Parsing XDC File [C:/Users/hammi/Documents/BitBucket/SchoolFPGA/Four_Bit_Adder/.Xil/Vivado-4308-LAPTOP-5GHVJTMA/dcp0/FourBitAdder.xdc]
Reading XDEF placement.
Reading placer database...
Reading XDEF routing.
Read XDEF File: Time (s): cpu = 00:00:00 ; elapsed = 00:00:00.043 . Memory (MB): peak = 1624.344 ; gain = 0.000
Restored from archive | CPU: 0.000000 secs | Memory: 0.000000 MB |
Finished XDEF File Restore: Time (s): cpu = 00:00:00 ; elapsed = 00:00:00.044 . Memory (MB): peak = 1624.344 ; gain = 0.000
INFO: [Project 1-111] Unisim Transformation Summary:
No Unisim elements were transformed.

open_run: Time (s): cpu = 00:00:18 ; elapsed = 00:00:13 . Memory (MB): peak = 1755.645 ; gain = 406.875
WARNING: [Timing 38-313] There are no user specified timing constraints. Timing constraints are needed for proper timing analysis.
set_property PROBES.FILE {} [get_hw_devices xc7a35t_0]
set_property FULL_PROBES.FILE {} [get_hw_devices xc7a35t_0]
set_property PROGRAM.FILE {C:/Users/hammi/Documents/BitBucket/SchoolFPGA/Four_Bit_Adder/Four_Bit_Adder.runs/impl_1/FourBitAdder.bit} [get_hw_devices xc7a35t_0]
program_hw_devices [get_hw_devices xc7a35t_0]
INFO: [Labtools 27-3164] End of startup status: HIGH
refresh_hw_device [lindex [get_hw_devices xc7a35t_0] 0]
INFO: [Labtools 27-1434] Device xc7a35t (JTAG device index = 0) is programmed with a design that has no supported debug core(s) in it.
WARNING: [Labtools 27-3361] The debug hub core was not detected.
Resolution: 
1. Make sure the clock connected to the debug hub (dbg_hub) core is a free running clock and is active.
2. Make sure the BSCAN_SWITCH_USER_MASK device property in Vivado Hardware Manager reflects the user scan chain setting in the design and refresh the device.  To determine the user scan chain setting in the design, open the implemented design and use 'get_property C_USER_SCAN_CHAIN [get_debug_cores dbg_hub]'.
For more details on setting the scan chain property, consult the Vivado Debug and Programming User Guide (UG908).
ERROR: [Labtoolstcl 44-513] HW Target shutdown. Closing target: localhost:3121/xilinx_tcf/Digilent/210183A38758A
open_project C:/Users/hammi/Documents/BitBucket/SchoolFPGA/BCDCounter/BCDCounter.xpr
INFO: [Project 1-313] Project file moved from 'C:/Users/hammi/OneDrive/Documenten/BitBucket/SchoolFPGA/BCDCounter' since last save.
Scanning sources...
Finished scanning sources
INFO: [IP_Flow 19-234] Refreshing IP repositories
INFO: [IP_Flow 19-1704] No user IP repositories specified
INFO: [IP_Flow 19-2313] Loaded Vivado IP repository 'C:/Xilinx/Vivado/2017.4/data/ip'.
current_project Four_Bit_Adder
close_project
close_project
open_project C:/Users/hammi/Documents/BitBucket/SchoolFPGA/Four_Bit_Adder/Four_Bit_Adder.xpr
Scanning sources...
Finished scanning sources
WARNING: [filemgmt 56-3] IPUserFilesDir: Could not find the directory 'C:/Users/hammi/Documents/BitBucket/SchoolFPGA/Four_Bit_Adder/Four_Bit_Adder.ip_user_files'.
INFO: [IP_Flow 19-234] Refreshing IP repositories
INFO: [IP_Flow 19-1704] No user IP repositories specified
INFO: [IP_Flow 19-2313] Loaded Vivado IP repository 'C:/Xilinx/Vivado/2017.4/data/ip'.
open_hw
update_compile_order -fileset sources_1
connect_hw_server -url localhost:3121
INFO: [Labtools 27-2285] Connecting to hw_server url TCP:localhost:3121
INFO: [Labtools 27-2222] Launching hw_server...
INFO: [Labtools 27-2221] Launch Output:

****** Xilinx hw_server v2017.4
  **** Build date : Dec 15 2017-21:08:27
    ** Copyright 1986-2017 Xilinx, Inc. All Rights Reserved.


current_hw_target [get_hw_targets */xilinx_tcf/Digilent/210183A38758A]
set_property PARAM.FREQUENCY 15000000 [get_hw_targets */xilinx_tcf/Digilent/210183A38758A]
open_hw_target
INFO: [Labtoolstcl 44-466] Opening hw_target localhost:3121/xilinx_tcf/Digilent/210183A38758A
set_property PROGRAM.FILE {C:/Users/hammi/Documents/BitBucket/SchoolFPGA/Four_Bit_Adder/Four_Bit_Adder.runs/impl_1/FourBitAdder.bit} [get_hw_devices xc7a35t_0]
current_hw_device [get_hw_devices xc7a35t_0]
refresh_hw_device -update_hw_probes false [lindex [get_hw_devices xc7a35t_0] 0]
INFO: [Labtools 27-1434] Device xc7a35t (JTAG device index = 0) is programmed with a design that has no supported debug core(s) in it.
WARNING: [Labtools 27-3361] The debug hub core was not detected.
Resolution: 
1. Make sure the clock connected to the debug hub (dbg_hub) core is a free running clock and is active.
2. Make sure the BSCAN_SWITCH_USER_MASK device property in Vivado Hardware Manager reflects the user scan chain setting in the design and refresh the device.  To determine the user scan chain setting in the design, open the implemented design and use 'get_property C_USER_SCAN_CHAIN [get_debug_cores dbg_hub]'.
For more details on setting the scan chain property, consult the Vivado Debug and Programming User Guide (UG908).
set_property PROBES.FILE {} [get_hw_devices xc7a35t_0]
set_property FULL_PROBES.FILE {} [get_hw_devices xc7a35t_0]
set_property PROGRAM.FILE {C:/Users/hammi/Documents/BitBucket/SchoolFPGA/Four_Bit_Adder/Four_Bit_Adder.runs/impl_1/FourBitAdder.bit} [get_hw_devices xc7a35t_0]
program_hw_devices [get_hw_devices xc7a35t_0]
INFO: [Labtools 27-3164] End of startup status: HIGH
refresh_hw_device [lindex [get_hw_devices xc7a35t_0] 0]
INFO: [Labtools 27-1434] Device xc7a35t (JTAG device index = 0) is programmed with a design that has no supported debug core(s) in it.
WARNING: [Labtools 27-3361] The debug hub core was not detected.
Resolution: 
1. Make sure the clock connected to the debug hub (dbg_hub) core is a free running clock and is active.
2. Make sure the BSCAN_SWITCH_USER_MASK device property in Vivado Hardware Manager reflects the user scan chain setting in the design and refresh the device.  To determine the user scan chain setting in the design, open the implemented design and use 'get_property C_USER_SCAN_CHAIN [get_debug_cores dbg_hub]'.
For more details on setting the scan chain property, consult the Vivado Debug and Programming User Guide (UG908).
ERROR: [Labtoolstcl 44-513] HW Target shutdown. Closing target: localhost:3121/xilinx_tcf/Digilent/210183A38758A
close_project
create_project BCD_Adder C:/Users/hammi/Documents/BitBucket/SchoolFPGA/BCD_Adder -part xc7a35tcpg236-1
INFO: [IP_Flow 19-234] Refreshing IP repositories
INFO: [IP_Flow 19-1704] No user IP repositories specified
INFO: [IP_Flow 19-2313] Loaded Vivado IP repository 'C:/Xilinx/Vivado/2017.4/data/ip'.
set_property board_part digilentinc.com:basys3:part0:1.1 [current_project]
file mkdir C:/Users/hammi/Documents/BitBucket/SchoolFPGA/BCD_Adder/BCD_Adder.srcs/sources_1/new
close [ open C:/Users/hammi/Documents/BitBucket/SchoolFPGA/BCD_Adder/BCD_Adder.srcs/sources_1/new/Adder.vhd w ]
add_files C:/Users/hammi/Documents/BitBucket/SchoolFPGA/BCD_Adder/BCD_Adder.srcs/sources_1/new/Adder.vhd
update_compile_order -fileset sources_1
close [ open C:/Users/hammi/Documents/BitBucket/SchoolFPGA/BCD_Adder/BCD_Adder.srcs/sources_1/new/BinToBCD.vhd w ]
add_files C:/Users/hammi/Documents/BitBucket/SchoolFPGA/BCD_Adder/BCD_Adder.srcs/sources_1/new/BinToBCD.vhd
update_compile_order -fileset sources_1
