#-----------------------------------------------------------
# Vivado v2017.4 (64-bit)
# SW Build 2086221 on Fri Dec 15 20:55:39 MST 2017
# IP Build 2085800 on Fri Dec 15 22:25:07 MST 2017
# Start of session at: Sun Nov 11 14:35:35 2018
# Process ID: 14428
# Current directory: C:/Users/hammi/Documents/GitBucket/SchoolFPGA/Four_Bit_Adder
# Command line: vivado.exe -gui_launcher_event rodinguilauncherevent11576 C:\Users\hammi\Documents\GitBucket\SchoolFPGA\Four_Bit_Adder\Four_Bit_Adder.xpr
# Log file: C:/Users/hammi/Documents/GitBucket/SchoolFPGA/Four_Bit_Adder/vivado.log
# Journal file: C:/Users/hammi/Documents/GitBucket/SchoolFPGA/Four_Bit_Adder\vivado.jou
#-----------------------------------------------------------
start_gui
open_project C:/Users/hammi/Documents/GitBucket/SchoolFPGA/Four_Bit_Adder/Four_Bit_Adder.xpr
Scanning sources...
Finished scanning sources
WARNING: [filemgmt 56-3] IPUserFilesDir: Could not find the directory 'C:/Users/hammi/Documents/GitBucket/SchoolFPGA/Four_Bit_Adder/Four_Bit_Adder.ip_user_files'.
INFO: [IP_Flow 19-234] Refreshing IP repositories
INFO: [IP_Flow 19-1704] No user IP repositories specified
INFO: [IP_Flow 19-2313] Loaded Vivado IP repository 'C:/Xilinx/Vivado/2017.4/data/ip'.
open_project: Time (s): cpu = 00:00:12 ; elapsed = 00:00:05 . Memory (MB): peak = 744.066 ; gain = 77.020
update_compile_order -fileset sources_1
reset_run synth_1
launch_runs synth_1 -jobs 2
[Sun Nov 11 14:36:11 2018] Launched synth_1...
Run output will be captured here: C:/Users/hammi/Documents/GitBucket/SchoolFPGA/Four_Bit_Adder/Four_Bit_Adder.runs/synth_1/runme.log
reset_run synth_1
exit
INFO: [Common 17-206] Exiting Vivado at Sun Nov 11 14:36:24 2018...
