#-----------------------------------------------------------
# Vivado v2017.4 (64-bit)
# SW Build 2086221 on Fri Dec 15 20:55:39 MST 2017
# IP Build 2085800 on Fri Dec 15 22:25:07 MST 2017
# Start of session at: Thu Nov  8 21:32:09 2018
# Process ID: 15316
# Current directory: C:/Users/hammi/Documents/GitBucket/SchoolFPGA/Four_Bit_Adder
# Command line: vivado.exe -gui_launcher_event rodinguilauncherevent14160 C:\Users\hammi\Documents\GitBucket\SchoolFPGA\Four_Bit_Adder\Four_Bit_Adder.xpr
# Log file: C:/Users/hammi/Documents/GitBucket/SchoolFPGA/Four_Bit_Adder/vivado.log
# Journal file: C:/Users/hammi/Documents/GitBucket/SchoolFPGA/Four_Bit_Adder\vivado.jou
#-----------------------------------------------------------
start_gui
open_project C:/Users/hammi/Documents/GitBucket/SchoolFPGA/Four_Bit_Adder/Four_Bit_Adder.xpr
INFO: [Project 1-313] Project file moved from 'C:/Users/hammi/OneDrive/Documenten/BitBucket/SchoolFPGA/Four_Bit_Adder' since last save.
Scanning sources...
Finished scanning sources
WARNING: [filemgmt 56-2] IPUserFilesDir: Could not find the directory 'C:/Users/hammi/Documents/GitBucket/SchoolFPGA/Four_Bit_Adder/Four_Bit_Adder.ip_user_files', nor could it be found using path 'C:/Users/hammi/OneDrive/Documenten/BitBucket/SchoolFPGA/Four_Bit_Adder/Four_Bit_Adder.ip_user_files'.
INFO: [IP_Flow 19-234] Refreshing IP repositories
INFO: [IP_Flow 19-1704] No user IP repositories specified
INFO: [IP_Flow 19-2313] Loaded Vivado IP repository 'C:/Xilinx/Vivado/2017.4/data/ip'.
open_project: Time (s): cpu = 00:00:11 ; elapsed = 00:00:07 . Memory (MB): peak = 740.426 ; gain = 40.895
update_compile_order -fileset sources_1
exit
INFO: [Common 17-206] Exiting Vivado at Thu Nov  8 21:33:30 2018...
