Copyright 1986-2017 Xilinx, Inc. All Rights Reserved.
------------------------------------------------------------------------------------
| Tool Version : Vivado v.2017.4 (win64) Build 2086221 Fri Dec 15 20:55:39 MST 2017
| Date         : Mon Dec 17 23:38:14 2018
| Host         : DESKTOP-7MRF67A running 64-bit major release  (build 9200)
| Command      : report_control_sets -verbose -file main_control_sets_placed.rpt
| Design       : main
| Device       : xc7a35t
------------------------------------------------------------------------------------

Control Set Information

Table of Contents
-----------------
1. Summary
2. Flip-Flop Distribution
3. Detailed Control Set Information

1. Summary
----------

+----------------------------------------------------------+-------+
|                          Status                          | Count |
+----------------------------------------------------------+-------+
| Number of unique control sets                            |     7 |
| Unused register locations in slices containing registers |    31 |
+----------------------------------------------------------+-------+


2. Flip-Flop Distribution
-------------------------

+--------------+-----------------------+------------------------+-----------------+--------------+
| Clock Enable | Synchronous Set/Reset | Asynchronous Set/Reset | Total Registers | Total Slices |
+--------------+-----------------------+------------------------+-----------------+--------------+
| No           | No                    | No                     |              93 |           30 |
| No           | No                    | Yes                    |               0 |            0 |
| No           | Yes                   | No                     |              12 |            5 |
| Yes          | No                    | No                     |               0 |            0 |
| Yes          | No                    | Yes                    |               0 |            0 |
| Yes          | Yes                   | No                     |              72 |           19 |
+--------------+-----------------------+------------------------+-----------------+--------------+


3. Detailed Control Set Information
-----------------------------------

+----------------------------+------------------------------+------------------------------+------------------+----------------+
|        Clock Signal        |         Enable Signal        |       Set/Reset Signal       | Slice Load Count | Bel Load Count |
+----------------------------+------------------------------+------------------------------+------------------+----------------+
|  CLK_Converter/inst/clkOut |                              | VGA_THING/vsync_i_1_n_0      |                1 |              1 |
|  CLK_Converter/inst/clkOut |                              | VGA_THING/ltOp               |                1 |              1 |
|  CLK_Converter/inst/clkOut |                              | VGA_THING/sel                |                3 |             10 |
|  CLK_Converter/inst/clkOut | VGA_THING/sel                | VGA_THING/clear              |                3 |             10 |
|  CLK_Converter/inst/clkOut | VGA_THING/redOut1            | ItsASquare/cnt_x[31]_i_1_n_0 |                8 |             31 |
|  CLK_Converter/inst/clkOut | ItsASquare/cnt_y[31]_i_2_n_0 | ItsASquare/cnt_y[31]_i_1_n_0 |                8 |             31 |
|  CLK_Converter/inst/clkOut |                              |                              |               30 |             93 |
+----------------------------+------------------------------+------------------------------+------------------+----------------+


+--------+-----------------------+
| Fanout | Number of ControlSets |
+--------+-----------------------+
| 1      |                     2 |
| 10     |                     2 |
| 16+    |                     3 |
+--------+-----------------------+


