#-----------------------------------------------------------
# Vivado v2017.4 (64-bit)
# SW Build 2086221 on Fri Dec 15 20:55:39 MST 2017
# IP Build 2085800 on Fri Dec 15 22:25:07 MST 2017
# Start of session at: Wed Nov 21 23:01:09 2018
# Process ID: 5512
# Current directory: C:/Users/hammi/OneDrive/Documenten/bitbucket/SchoolFPGA/BCD_Adder
# Command line: vivado.exe -gui_launcher_event rodinguilauncherevent2584 C:\Users\hammi\OneDrive\Documenten\bitbucket\SchoolFPGA\BCD_Adder\BCD_Adder.xpr
# Log file: C:/Users/hammi/OneDrive/Documenten/bitbucket/SchoolFPGA/BCD_Adder/vivado.log
# Journal file: C:/Users/hammi/OneDrive/Documenten/bitbucket/SchoolFPGA/BCD_Adder\vivado.jou
#-----------------------------------------------------------
start_gui
open_project C:/Users/hammi/OneDrive/Documenten/bitbucket/SchoolFPGA/BCD_Adder/BCD_Adder.xpr
Scanning sources...
Finished scanning sources
INFO: [IP_Flow 19-234] Refreshing IP repositories
INFO: [IP_Flow 19-1704] No user IP repositories specified
INFO: [IP_Flow 19-2313] Loaded Vivado IP repository 'C:/Xilinx/Vivado/2017.4/data/ip'.
update_compile_order -fileset sources_1
reset_run synth_1
launch_runs synth_1 -jobs 6
[Wed Nov 21 23:09:11 2018] Launched synth_1...
Run output will be captured here: C:/Users/hammi/OneDrive/Documenten/bitbucket/SchoolFPGA/BCD_Adder/BCD_Adder.runs/synth_1/runme.log
reset_run synth_1
launch_runs synth_1 -jobs 6
[Wed Nov 21 23:09:52 2018] Launched synth_1...
Run output will be captured here: C:/Users/hammi/OneDrive/Documenten/bitbucket/SchoolFPGA/BCD_Adder/BCD_Adder.runs/synth_1/runme.log
reset_run synth_1
launch_runs synth_1 -jobs 6
[Wed Nov 21 23:11:36 2018] Launched synth_1...
Run output will be captured here: C:/Users/hammi/OneDrive/Documenten/bitbucket/SchoolFPGA/BCD_Adder/BCD_Adder.runs/synth_1/runme.log
reset_run synth_1
launch_runs synth_1 -jobs 6
[Wed Nov 21 23:16:31 2018] Launched synth_1...
Run output will be captured here: C:/Users/hammi/OneDrive/Documenten/bitbucket/SchoolFPGA/BCD_Adder/BCD_Adder.runs/synth_1/runme.log
reset_run synth_1
launch_runs synth_1 -jobs 6
[Wed Nov 21 23:17:22 2018] Launched synth_1...
Run output will be captured here: C:/Users/hammi/OneDrive/Documenten/bitbucket/SchoolFPGA/BCD_Adder/BCD_Adder.runs/synth_1/runme.log
reset_run synth_1
launch_runs synth_1 -jobs 6
[Wed Nov 21 23:19:00 2018] Launched synth_1...
Run output will be captured here: C:/Users/hammi/OneDrive/Documenten/bitbucket/SchoolFPGA/BCD_Adder/BCD_Adder.runs/synth_1/runme.log
launch_runs impl_1 -jobs 6
[Wed Nov 21 23:19:42 2018] Launched impl_1...
Run output will be captured here: C:/Users/hammi/OneDrive/Documenten/bitbucket/SchoolFPGA/BCD_Adder/BCD_Adder.runs/impl_1/runme.log
reset_run synth_1
launch_runs impl_1 -jobs 6
[Wed Nov 21 23:20:56 2018] Launched synth_1...
Run output will be captured here: C:/Users/hammi/OneDrive/Documenten/bitbucket/SchoolFPGA/BCD_Adder/BCD_Adder.runs/synth_1/runme.log
[Wed Nov 21 23:20:56 2018] Launched impl_1...
Run output will be captured here: C:/Users/hammi/OneDrive/Documenten/bitbucket/SchoolFPGA/BCD_Adder/BCD_Adder.runs/impl_1/runme.log
reset_run synth_1
launch_runs synth_1 -jobs 6
[Wed Nov 21 23:22:46 2018] Launched synth_1...
Run output will be captured here: C:/Users/hammi/OneDrive/Documenten/bitbucket/SchoolFPGA/BCD_Adder/BCD_Adder.runs/synth_1/runme.log
launch_runs impl_1 -jobs 6
[Wed Nov 21 23:23:29 2018] Launched impl_1...
Run output will be captured here: C:/Users/hammi/OneDrive/Documenten/bitbucket/SchoolFPGA/BCD_Adder/BCD_Adder.runs/impl_1/runme.log
update_compile_order -fileset sources_1
reset_run synth_1
launch_runs impl_1 -jobs 6
[Wed Nov 21 23:42:43 2018] Launched synth_1...
Run output will be captured here: C:/Users/hammi/OneDrive/Documenten/bitbucket/SchoolFPGA/BCD_Adder/BCD_Adder.runs/synth_1/runme.log
[Wed Nov 21 23:42:43 2018] Launched impl_1...
Run output will be captured here: C:/Users/hammi/OneDrive/Documenten/bitbucket/SchoolFPGA/BCD_Adder/BCD_Adder.runs/impl_1/runme.log
reset_run synth_1
launch_runs impl_1 -jobs 6
[Wed Nov 21 23:43:38 2018] Launched synth_1...
Run output will be captured here: C:/Users/hammi/OneDrive/Documenten/bitbucket/SchoolFPGA/BCD_Adder/BCD_Adder.runs/synth_1/runme.log
[Wed Nov 21 23:43:38 2018] Launched impl_1...
Run output will be captured here: C:/Users/hammi/OneDrive/Documenten/bitbucket/SchoolFPGA/BCD_Adder/BCD_Adder.runs/impl_1/runme.log
reset_run synth_1
launch_runs impl_1 -jobs 6
[Wed Nov 21 23:45:47 2018] Launched synth_1...
Run output will be captured here: C:/Users/hammi/OneDrive/Documenten/bitbucket/SchoolFPGA/BCD_Adder/BCD_Adder.runs/synth_1/runme.log
[Wed Nov 21 23:45:47 2018] Launched impl_1...
Run output will be captured here: C:/Users/hammi/OneDrive/Documenten/bitbucket/SchoolFPGA/BCD_Adder/BCD_Adder.runs/impl_1/runme.log
reset_run synth_1
launch_runs impl_1 -jobs 6
[Wed Nov 21 23:51:58 2018] Launched synth_1...
Run output will be captured here: C:/Users/hammi/OneDrive/Documenten/bitbucket/SchoolFPGA/BCD_Adder/BCD_Adder.runs/synth_1/runme.log
[Wed Nov 21 23:51:58 2018] Launched impl_1...
Run output will be captured here: C:/Users/hammi/OneDrive/Documenten/bitbucket/SchoolFPGA/BCD_Adder/BCD_Adder.runs/impl_1/runme.log
reset_run synth_1
launch_runs impl_1 -jobs 6
[Wed Nov 21 23:53:16 2018] Launched synth_1...
Run output will be captured here: C:/Users/hammi/OneDrive/Documenten/bitbucket/SchoolFPGA/BCD_Adder/BCD_Adder.runs/synth_1/runme.log
[Wed Nov 21 23:53:16 2018] Launched impl_1...
Run output will be captured here: C:/Users/hammi/OneDrive/Documenten/bitbucket/SchoolFPGA/BCD_Adder/BCD_Adder.runs/impl_1/runme.log
export_ip_user_files -of_objects  [get_files C:/Users/hammi/OneDrive/Documenten/bitbucket/SchoolFPGA/BCD_Adder/BCD_Adder.srcs/constrs_1/new/BCDAdder.xdc] -no_script -reset -force -quiet
remove_files  -fileset constrs_1 C:/Users/hammi/OneDrive/Documenten/bitbucket/SchoolFPGA/BCD_Adder/BCD_Adder.srcs/constrs_1/new/BCDAdder.xdc
reset_run synth_1
launch_runs synth_1 -jobs 6
[Wed Nov 21 23:53:57 2018] Launched synth_1...
Run output will be captured here: C:/Users/hammi/OneDrive/Documenten/bitbucket/SchoolFPGA/BCD_Adder/BCD_Adder.runs/synth_1/runme.log
exit
INFO: [Common 17-206] Exiting Vivado at Wed Nov 21 23:56:24 2018...
