Copyright 1986-2017 Xilinx, Inc. All Rights Reserved.
------------------------------------------------------------------------------------------------------
| Tool Version : Vivado v.2017.4 (win64) Build 2086221 Fri Dec 15 20:55:39 MST 2017
| Date         : Thu Nov 22 23:16:49 2018
| Host         : DESKTOP-7MRF67A running 64-bit major release  (build 9200)
| Command      : report_drc -file Main_drc_routed.rpt -pb Main_drc_routed.pb -rpx Main_drc_routed.rpx
| Design       : Main
| Device       : xc7a35tcpg236-1
| Speed File   : -1
| Design State : Routed
------------------------------------------------------------------------------------------------------

Report DRC

Table of Contents
-----------------
1. REPORT SUMMARY
2. REPORT DETAILS

1. REPORT SUMMARY
-----------------
            Netlist: netlist
          Floorplan: design_1
      Design limits: <entire design considered>
           Ruledeck: default
             Max violations: <unlimited>
             Violations found: 4
+----------+------------------+-----------------------------------------------------+------------+
| Rule     | Severity         | Description                                         | Violations |
+----------+------------------+-----------------------------------------------------+------------+
| LUTLP-1  | Critical Warning | Combinatorial Loop Alert                            | 3          |
| CFGBVS-1 | Warning          | Missing CFGBVS and CONFIG_VOLTAGE Design Properties | 1          |
+----------+------------------+-----------------------------------------------------+------------+

2. REPORT DETAILS
-----------------
LUTLP-1#1 Critical Warning
Combinatorial Loop Alert  
19 LUT cells form a combinatorial loop. This can create a race condition. Timing analysis may not be accurate. The preferred resolution is to modify the design to remove combinatorial logic loops. If the loop is known and understood, this DRC can be bypassed by acknowledging the condition and setting the following XDC constraint on any one of the nets in the loop: 'set_property ALLOW_COMBINATORIAL_LOOPS TRUE [get_nets <myHier/myNet>]'. One net in the loop is BCDOut/tens[1]. Please evaluate your design. The cells in the loop are: BCDOut/binOut[1]_i_4, BCDOut/binOut[2]_i_4, BCDOut/binOut[3]_i_8, BCDOut/binOut[3]_i_19, BCDOut/binOut[3]_i_21, BCDOut/binOut[3]_i_22, BCDOut/binOut[3]_i_30, BCDOut/binOut[3]_i_32, BCDOut/binOut[3]_i_43, BCDOut/binOut[3]_i_55, BCDOut/binOut[3]_i_56, BCDOut/binOut[3]_i_57, BCDOut/binOut[3]_i_58, BCDOut/binOut[3]_i_59, BCDOut/binOut[3]_i_70 (the first 15 of 19 listed).
Related violations: <none>

LUTLP-1#2 Critical Warning
Combinatorial Loop Alert  
24 LUT cells form a combinatorial loop. This can create a race condition. Timing analysis may not be accurate. The preferred resolution is to modify the design to remove combinatorial logic loops. If the loop is known and understood, this DRC can be bypassed by acknowledging the condition and setting the following XDC constraint on any one of the nets in the loop: 'set_property ALLOW_COMBINATORIAL_LOOPS TRUE [get_nets <myHier/myNet>]'. One net in the loop is BCDOut/ones[1]. Please evaluate your design. The cells in the loop are: BCDOut/binOut[1]_i_2, BCDOut/binOut[3]_i_10, BCDOut/binOut[3]_i_11, BCDOut/binOut[3]_i_12, BCDOut/binOut[3]_i_25, BCDOut/binOut[3]_i_26, BCDOut/binOut[3]_i_27, BCDOut/binOut[3]_i_44, BCDOut/binOut[3]_i_46, BCDOut/binOut[3]_i_51, BCDOut/binOut[3]_i_52, BCDOut/binOut[3]_i_53, BCDOut/binOut[3]_i_74, BCDOut/binOut[3]_i_75, BCDOut/binOut[3]_i_76 (the first 15 of 24 listed).
Related violations: <none>

LUTLP-1#3 Critical Warning
Combinatorial Loop Alert  
35 LUT cells form a combinatorial loop. This can create a race condition. Timing analysis may not be accurate. The preferred resolution is to modify the design to remove combinatorial logic loops. If the loop is known and understood, this DRC can be bypassed by acknowledging the condition and setting the following XDC constraint on any one of the nets in the loop: 'set_property ALLOW_COMBINATORIAL_LOOPS TRUE [get_nets <myHier/myNet>]'. One net in the loop is BCDOut/binOut_reg[2]_0[1]. Please evaluate your design. The cells in the loop are: BCDOut/binOut[1]_i_3, BCDOut/binOut[2]_i_3, BCDOut/binOut[2]_i_6, BCDOut/binOut[3]_i_13, BCDOut/binOut[3]_i_14, BCDOut/binOut[3]_i_16, BCDOut/binOut[3]_i_17, BCDOut/binOut[3]_i_28, BCDOut/binOut[3]_i_29, BCDOut/binOut[3]_i_35, BCDOut/binOut[3]_i_36, BCDOut/binOut[3]_i_38, BCDOut/binOut[3]_i_39, BCDOut/binOut[3]_i_60, BCDOut/binOut[3]_i_63 (the first 15 of 35 listed).
Related violations: <none>

CFGBVS-1#1 Warning
Missing CFGBVS and CONFIG_VOLTAGE Design Properties  
Neither the CFGBVS nor CONFIG_VOLTAGE voltage property is set in the current_design.  Configuration bank voltage select (CFGBVS) must be set to VCCO or GND, and CONFIG_VOLTAGE must be set to the correct configuration voltage, in order to determine the I/O voltage support for the pins in bank 0.  It is suggested to specify these either using the 'Edit Device Properties' function in the GUI or directly in the XDC file using the following syntax:

 set_property CFGBVS value1 [current_design]
 #where value1 is either VCCO or GND

 set_property CONFIG_VOLTAGE value2 [current_design]
 #where value2 is the voltage provided to configuration bank 0

Refer to the device configuration user guide for more information.
Related violations: <none>


