
*** Running vivado
    with args -log FourBitAdder.vdi -applog -m64 -product Vivado -messageDb vivado.pb -mode batch -source FourBitAdder.tcl -notrace


****** Vivado v2017.4 (64-bit)
  **** SW Build 2086221 on Fri Dec 15 20:55:39 MST 2017
  **** IP Build 2085800 on Fri Dec 15 22:25:07 MST 2017
    ** Copyright 1986-2017 Xilinx, Inc. All Rights Reserved.

source FourBitAdder.tcl -notrace
Command: link_design -top FourBitAdder -part xc7a35tcpg236-1
Design is defaulting to srcset: sources_1
Design is defaulting to constrset: constrs_1
INFO: [Netlist 29-17] Analyzing 8 Unisim elements for replacement
INFO: [Netlist 29-28] Unisim Transformation completed in 0 CPU seconds
INFO: [Project 1-479] Netlist was created with Vivado 2017.4
INFO: [Device 21-403] Loading part xc7a35tcpg236-1
INFO: [Project 1-570] Preparing netlist for logic optimization
Parsing XDC File [C:/Users/hammi/Documents/BitBucket/SchoolFPGA/Four_Bit_Adder/Four_Bit_Adder.srcs/constrs_1/imports/Xilinx/Basys-3-Master.xdc]
Finished Parsing XDC File [C:/Users/hammi/Documents/BitBucket/SchoolFPGA/Four_Bit_Adder/Four_Bit_Adder.srcs/constrs_1/imports/Xilinx/Basys-3-Master.xdc]
INFO: [Opt 31-138] Pushed 0 inverter(s) to 0 load pin(s).
INFO: [Project 1-111] Unisim Transformation Summary:
No Unisim elements were transformed.

7 Infos, 0 Warnings, 0 Critical Warnings and 0 Errors encountered.
link_design completed successfully
link_design: Time (s): cpu = 00:00:07 ; elapsed = 00:00:08 . Memory (MB): peak = 542.141 ; gain = 305.441
Command: opt_design
Attempting to get a license for feature 'Implementation' and/or device 'xc7a35t'
INFO: [Common 17-349] Got license for feature 'Implementation' and/or device 'xc7a35t'
Running DRC as a precondition to command opt_design

Starting DRC Task
INFO: [DRC 23-27] Running DRC with 2 threads
INFO: [Project 1-461] DRC finished with 0 Errors
INFO: [Project 1-462] Please refer to the DRC report (report_drc) for more information.

Time (s): cpu = 00:00:01 ; elapsed = 00:00:00.647 . Memory (MB): peak = 555.027 ; gain = 12.887
INFO: [Timing 38-35] Done setting XDC timing constraints.

Starting Logic Optimization Task

Phase 1 Retarget
INFO: [Opt 31-138] Pushed 0 inverter(s) to 0 load pin(s).
INFO: [Opt 31-49] Retargeted 0 cell(s).
Phase 1 Retarget | Checksum: ece624c2

Time (s): cpu = 00:00:00 ; elapsed = 00:00:00.034 . Memory (MB): peak = 1074.117 ; gain = 0.000
INFO: [Opt 31-389] Phase Retarget created 0 cells and removed 0 cells

Phase 2 Constant propagation
INFO: [Opt 31-138] Pushed 0 inverter(s) to 0 load pin(s).
Phase 2 Constant propagation | Checksum: ece624c2

Time (s): cpu = 00:00:00 ; elapsed = 00:00:00.040 . Memory (MB): peak = 1074.117 ; gain = 0.000
INFO: [Opt 31-389] Phase Constant propagation created 0 cells and removed 0 cells

Phase 3 Sweep
Phase 3 Sweep | Checksum: ece624c2

Time (s): cpu = 00:00:00 ; elapsed = 00:00:00.053 . Memory (MB): peak = 1074.117 ; gain = 0.000
INFO: [Opt 31-389] Phase Sweep created 0 cells and removed 0 cells

Phase 4 BUFG optimization
Phase 4 BUFG optimization | Checksum: ece624c2

Time (s): cpu = 00:00:00 ; elapsed = 00:00:00.065 . Memory (MB): peak = 1074.117 ; gain = 0.000
INFO: [Opt 31-389] Phase BUFG optimization created 0 cells and removed 0 cells

Phase 5 Shift Register Optimization
Phase 5 Shift Register Optimization | Checksum: ece624c2

Time (s): cpu = 00:00:00 ; elapsed = 00:00:00.069 . Memory (MB): peak = 1074.117 ; gain = 0.000
INFO: [Opt 31-389] Phase Shift Register Optimization created 0 cells and removed 0 cells

Starting Connectivity Check Task

Time (s): cpu = 00:00:00 ; elapsed = 00:00:00.002 . Memory (MB): peak = 1074.117 ; gain = 0.000
Ending Logic Optimization Task | Checksum: ece624c2

Time (s): cpu = 00:00:00 ; elapsed = 00:00:00.075 . Memory (MB): peak = 1074.117 ; gain = 0.000

Starting Power Optimization Task
INFO: [Pwropt 34-132] Skipping clock gating for clocks with a period < 2.00 ns.
Ending Power Optimization Task | Checksum: ece624c2

Time (s): cpu = 00:00:01 ; elapsed = 00:00:00.023 . Memory (MB): peak = 1074.117 ; gain = 0.000
INFO: [Common 17-83] Releasing license: Implementation
22 Infos, 0 Warnings, 0 Critical Warnings and 0 Errors encountered.
opt_design completed successfully
opt_design: Time (s): cpu = 00:00:17 ; elapsed = 00:00:17 . Memory (MB): peak = 1074.117 ; gain = 531.977
Writing placer database...
Writing XDEF routing.
Writing XDEF routing logical nets.
Writing XDEF routing special nets.
Write XDEF Complete: Time (s): cpu = 00:00:00 ; elapsed = 00:00:00.049 . Memory (MB): peak = 1074.117 ; gain = 0.000
INFO: [Common 17-1381] The checkpoint 'C:/Users/hammi/Documents/BitBucket/SchoolFPGA/Four_Bit_Adder/Four_Bit_Adder.runs/impl_1/FourBitAdder_opt.dcp' has been generated.
INFO: [runtcl-4] Executing : report_drc -file FourBitAdder_drc_opted.rpt -pb FourBitAdder_drc_opted.pb -rpx FourBitAdder_drc_opted.rpx
Command: report_drc -file FourBitAdder_drc_opted.rpt -pb FourBitAdder_drc_opted.pb -rpx FourBitAdder_drc_opted.rpx
INFO: [IP_Flow 19-234] Refreshing IP repositories
INFO: [IP_Flow 19-1704] No user IP repositories specified
INFO: [IP_Flow 19-2313] Loaded Vivado IP repository 'C:/Xilinx/Vivado/2017.4/data/ip'.
INFO: [DRC 23-27] Running DRC with 2 threads
INFO: [Coretcl 2-168] The results of DRC are in file C:/Users/hammi/Documents/BitBucket/SchoolFPGA/Four_Bit_Adder/Four_Bit_Adder.runs/impl_1/FourBitAdder_drc_opted.rpt.
report_drc completed successfully
INFO: [Chipscope 16-241] No debug cores found in the current design.
Before running the implement_debug_core command, either use the Set Up Debug wizard (GUI mode)
or use the create_debug_core and connect_debug_core Tcl commands to insert debug cores into the design.
Command: place_design
Attempting to get a license for feature 'Implementation' and/or device 'xc7a35t'
INFO: [Common 17-349] Got license for feature 'Implementation' and/or device 'xc7a35t'
INFO: [DRC 23-27] Running DRC with 2 threads
INFO: [Vivado_Tcl 4-198] DRC finished with 0 Errors
INFO: [Vivado_Tcl 4-199] Please refer to the DRC report (report_drc) for more information.
Running DRC as a precondition to command place_design
INFO: [DRC 23-27] Running DRC with 2 threads
INFO: [Vivado_Tcl 4-198] DRC finished with 0 Errors
INFO: [Vivado_Tcl 4-199] Please refer to the DRC report (report_drc) for more information.

Starting Placer Task
INFO: [Place 30-611] Multithreading enabled for place_design using a maximum of 2 CPUs

Phase 1 Placer Initialization

Phase 1.1 Placer Initialization Netlist Sorting
Netlist sorting complete. Time (s): cpu = 00:00:00 ; elapsed = 00:00:00.001 . Memory (MB): peak = 1074.117 ; gain = 0.000
Phase 1.1 Placer Initialization Netlist Sorting | Checksum: 9348b299

Time (s): cpu = 00:00:00 ; elapsed = 00:00:00.010 . Memory (MB): peak = 1074.117 ; gain = 0.000
Netlist sorting complete. Time (s): cpu = 00:00:00 ; elapsed = 00:00:00 . Memory (MB): peak = 1074.117 ; gain = 0.000

Phase 1.2 IO Placement/ Clock Placement/ Build Placer Device
INFO: [Timing 38-35] Done setting XDC timing constraints.
Phase 1.2 IO Placement/ Clock Placement/ Build Placer Device | Checksum: 9348b299

Time (s): cpu = 00:00:01 ; elapsed = 00:00:00.920 . Memory (MB): peak = 1074.117 ; gain = 0.000

Phase 1.3 Build Placer Netlist Model
Phase 1.3 Build Placer Netlist Model | Checksum: 14c7f5829

Time (s): cpu = 00:00:01 ; elapsed = 00:00:00.964 . Memory (MB): peak = 1074.117 ; gain = 0.000

Phase 1.4 Constrain Clocks/Macros
Phase 1.4 Constrain Clocks/Macros | Checksum: 14c7f5829

Time (s): cpu = 00:00:01 ; elapsed = 00:00:00.968 . Memory (MB): peak = 1074.117 ; gain = 0.000
Phase 1 Placer Initialization | Checksum: 14c7f5829

Time (s): cpu = 00:00:01 ; elapsed = 00:00:00.971 . Memory (MB): peak = 1074.117 ; gain = 0.000

Phase 2 Global Placement
Phase 2 Global Placement | Checksum: 14ad686bb

Time (s): cpu = 00:00:02 ; elapsed = 00:00:01 . Memory (MB): peak = 1074.117 ; gain = 0.000

Phase 3 Detail Placement

Phase 3.1 Commit Multi Column Macros
Phase 3.1 Commit Multi Column Macros | Checksum: 14ad686bb

Time (s): cpu = 00:00:02 ; elapsed = 00:00:01 . Memory (MB): peak = 1074.117 ; gain = 0.000

Phase 3.2 Commit Most Macros & LUTRAMs
Phase 3.2 Commit Most Macros & LUTRAMs | Checksum: 1402ddeac

Time (s): cpu = 00:00:02 ; elapsed = 00:00:01 . Memory (MB): peak = 1074.117 ; gain = 0.000

Phase 3.3 Area Swap Optimization
Phase 3.3 Area Swap Optimization | Checksum: db2cbc3b

Time (s): cpu = 00:00:02 ; elapsed = 00:00:01 . Memory (MB): peak = 1074.117 ; gain = 0.000

Phase 3.4 Pipeline Register Optimization
Phase 3.4 Pipeline Register Optimization | Checksum: db2cbc3b

Time (s): cpu = 00:00:02 ; elapsed = 00:00:01 . Memory (MB): peak = 1074.117 ; gain = 0.000

Phase 3.5 Small Shape Detail Placement
Phase 3.5 Small Shape Detail Placement | Checksum: ebf3b3c9

Time (s): cpu = 00:00:02 ; elapsed = 00:00:02 . Memory (MB): peak = 1074.117 ; gain = 0.000

Phase 3.6 Re-assign LUT pins
Phase 3.6 Re-assign LUT pins | Checksum: ebf3b3c9

Time (s): cpu = 00:00:02 ; elapsed = 00:00:02 . Memory (MB): peak = 1074.117 ; gain = 0.000

Phase 3.7 Pipeline Register Optimization
Phase 3.7 Pipeline Register Optimization | Checksum: ebf3b3c9

Time (s): cpu = 00:00:02 ; elapsed = 00:00:02 . Memory (MB): peak = 1074.117 ; gain = 0.000
Phase 3 Detail Placement | Checksum: ebf3b3c9

Time (s): cpu = 00:00:02 ; elapsed = 00:00:02 . Memory (MB): peak = 1074.117 ; gain = 0.000

Phase 4 Post Placement Optimization and Clean-Up

Phase 4.1 Post Commit Optimization
Phase 4.1 Post Commit Optimization | Checksum: ebf3b3c9

Time (s): cpu = 00:00:02 ; elapsed = 00:00:02 . Memory (MB): peak = 1074.117 ; gain = 0.000

Phase 4.2 Post Placement Cleanup
Phase 4.2 Post Placement Cleanup | Checksum: ebf3b3c9

Time (s): cpu = 00:00:02 ; elapsed = 00:00:02 . Memory (MB): peak = 1074.117 ; gain = 0.000

Phase 4.3 Placer Reporting
Phase 4.3 Placer Reporting | Checksum: ebf3b3c9

Time (s): cpu = 00:00:02 ; elapsed = 00:00:02 . Memory (MB): peak = 1074.117 ; gain = 0.000

Phase 4.4 Final Placement Cleanup
Phase 4.4 Final Placement Cleanup | Checksum: ebf3b3c9

Time (s): cpu = 00:00:02 ; elapsed = 00:00:02 . Memory (MB): peak = 1074.117 ; gain = 0.000
Phase 4 Post Placement Optimization and Clean-Up | Checksum: ebf3b3c9

Time (s): cpu = 00:00:02 ; elapsed = 00:00:02 . Memory (MB): peak = 1074.117 ; gain = 0.000
Ending Placer Task | Checksum: c88488c6

Time (s): cpu = 00:00:02 ; elapsed = 00:00:02 . Memory (MB): peak = 1074.117 ; gain = 0.000
INFO: [Common 17-83] Releasing license: Implementation
40 Infos, 0 Warnings, 0 Critical Warnings and 0 Errors encountered.
place_design completed successfully
Writing placer database...
Writing XDEF routing.
Writing XDEF routing logical nets.
Writing XDEF routing special nets.
Write XDEF Complete: Time (s): cpu = 00:00:00 ; elapsed = 00:00:00.066 . Memory (MB): peak = 1074.117 ; gain = 0.000
INFO: [Common 17-1381] The checkpoint 'C:/Users/hammi/Documents/BitBucket/SchoolFPGA/Four_Bit_Adder/Four_Bit_Adder.runs/impl_1/FourBitAdder_placed.dcp' has been generated.
INFO: [runtcl-4] Executing : report_io -file FourBitAdder_io_placed.rpt
report_io: Time (s): cpu = 00:00:00 ; elapsed = 00:00:00.054 . Memory (MB): peak = 1074.117 ; gain = 0.000
INFO: [runtcl-4] Executing : report_utilization -file FourBitAdder_utilization_placed.rpt -pb FourBitAdder_utilization_placed.pb
report_utilization: Time (s): cpu = 00:00:00 ; elapsed = 00:00:00.038 . Memory (MB): peak = 1074.117 ; gain = 0.000
INFO: [runtcl-4] Executing : report_control_sets -verbose -file FourBitAdder_control_sets_placed.rpt
report_control_sets: Time (s): cpu = 00:00:00 ; elapsed = 00:00:00.002 . Memory (MB): peak = 1074.117 ; gain = 0.000
Command: route_design
Attempting to get a license for feature 'Implementation' and/or device 'xc7a35t'
INFO: [Common 17-349] Got license for feature 'Implementation' and/or device 'xc7a35t'
Running DRC as a precondition to command route_design
INFO: [DRC 23-27] Running DRC with 2 threads
INFO: [Vivado_Tcl 4-198] DRC finished with 0 Errors
INFO: [Vivado_Tcl 4-199] Please refer to the DRC report (report_drc) for more information.


Starting Routing Task
INFO: [Route 35-254] Multithreading enabled for route_design using a maximum of 2 CPUs
Checksum: PlaceDB: 5474f4f7 ConstDB: 0 ShapeSum: 740f93cf RouteDB: 0

Phase 1 Build RT Design
Phase 1 Build RT Design | Checksum: 1585b880c

Time (s): cpu = 00:00:26 ; elapsed = 00:00:24 . Memory (MB): peak = 1196.543 ; gain = 122.113
Post Restoration Checksum: NetGraph: c5ca97f7 NumContArr: 9290f015 Constraints: 0 Timing: 0

Phase 2 Router Initialization
INFO: [Route 35-64] No timing constraints were detected. The router will operate in resource-optimization mode.

Phase 2.1 Fix Topology Constraints
Phase 2.1 Fix Topology Constraints | Checksum: 1585b880c

Time (s): cpu = 00:00:26 ; elapsed = 00:00:24 . Memory (MB): peak = 1202.527 ; gain = 128.098

Phase 2.2 Pre Route Cleanup
Phase 2.2 Pre Route Cleanup | Checksum: 1585b880c

Time (s): cpu = 00:00:26 ; elapsed = 00:00:24 . Memory (MB): peak = 1202.527 ; gain = 128.098
 Number of Nodes with overlaps = 0
Phase 2 Router Initialization | Checksum: 1480bb50e

Time (s): cpu = 00:00:26 ; elapsed = 00:00:24 . Memory (MB): peak = 1204.207 ; gain = 129.777

Phase 3 Initial Routing
Phase 3 Initial Routing | Checksum: bdfdf66a

Time (s): cpu = 00:00:26 ; elapsed = 00:00:24 . Memory (MB): peak = 1204.207 ; gain = 129.777

Phase 4 Rip-up And Reroute

Phase 4.1 Global Iteration 0
 Number of Nodes with overlaps = 1
 Number of Nodes with overlaps = 0
Phase 4.1 Global Iteration 0 | Checksum: eab1b395

Time (s): cpu = 00:00:27 ; elapsed = 00:00:24 . Memory (MB): peak = 1204.242 ; gain = 129.813
Phase 4 Rip-up And Reroute | Checksum: eab1b395

Time (s): cpu = 00:00:27 ; elapsed = 00:00:24 . Memory (MB): peak = 1204.242 ; gain = 129.813

Phase 5 Delay and Skew Optimization
Phase 5 Delay and Skew Optimization | Checksum: eab1b395

Time (s): cpu = 00:00:27 ; elapsed = 00:00:24 . Memory (MB): peak = 1204.242 ; gain = 129.813

Phase 6 Post Hold Fix

Phase 6.1 Hold Fix Iter
Phase 6.1 Hold Fix Iter | Checksum: eab1b395

Time (s): cpu = 00:00:27 ; elapsed = 00:00:24 . Memory (MB): peak = 1204.242 ; gain = 129.813
Phase 6 Post Hold Fix | Checksum: eab1b395

Time (s): cpu = 00:00:27 ; elapsed = 00:00:24 . Memory (MB): peak = 1204.242 ; gain = 129.813

Phase 7 Route finalize

Router Utilization Summary
  Global Vertical Routing Utilization    = 0.0134737 %
  Global Horizontal Routing Utilization  = 0.00403436 %
  Routable Net Status*
  *Does not include unroutable nets such as driverless and loadless.
  Run report_route_status for detailed report.
  Number of Failed Nets               = 0
  Number of Unrouted Nets             = 0
  Number of Partially Routed Nets     = 0
  Number of Node Overlaps             = 0

Utilization threshold used for congestion level computation: 0.85
Congestion Report
North Dir 1x1 Area, Max Cong = 16.2162%, No Congested Regions.
South Dir 1x1 Area, Max Cong = 16.2162%, No Congested Regions.
East Dir 1x1 Area, Max Cong = 8.82353%, No Congested Regions.
West Dir 1x1 Area, Max Cong = 5.88235%, No Congested Regions.
Phase 7 Route finalize | Checksum: eab1b395

Time (s): cpu = 00:00:27 ; elapsed = 00:00:24 . Memory (MB): peak = 1204.242 ; gain = 129.813

Phase 8 Verifying routed nets

 Verification completed successfully
Phase 8 Verifying routed nets | Checksum: eab1b395

Time (s): cpu = 00:00:27 ; elapsed = 00:00:24 . Memory (MB): peak = 1206.258 ; gain = 131.828

Phase 9 Depositing Routes
Phase 9 Depositing Routes | Checksum: 155ab1eb3

Time (s): cpu = 00:00:27 ; elapsed = 00:00:24 . Memory (MB): peak = 1206.258 ; gain = 131.828
INFO: [Route 35-16] Router Completed Successfully

Time (s): cpu = 00:00:27 ; elapsed = 00:00:24 . Memory (MB): peak = 1206.258 ; gain = 131.828

Routing Is Done.
INFO: [Common 17-83] Releasing license: Implementation
52 Infos, 0 Warnings, 0 Critical Warnings and 0 Errors encountered.
route_design completed successfully
route_design: Time (s): cpu = 00:00:29 ; elapsed = 00:00:26 . Memory (MB): peak = 1206.258 ; gain = 132.141
Writing placer database...
Writing XDEF routing.
Writing XDEF routing logical nets.
Writing XDEF routing special nets.
Write XDEF Complete: Time (s): cpu = 00:00:00 ; elapsed = 00:00:00.044 . Memory (MB): peak = 1206.258 ; gain = 0.000
INFO: [Common 17-1381] The checkpoint 'C:/Users/hammi/Documents/BitBucket/SchoolFPGA/Four_Bit_Adder/Four_Bit_Adder.runs/impl_1/FourBitAdder_routed.dcp' has been generated.
INFO: [runtcl-4] Executing : report_drc -file FourBitAdder_drc_routed.rpt -pb FourBitAdder_drc_routed.pb -rpx FourBitAdder_drc_routed.rpx
Command: report_drc -file FourBitAdder_drc_routed.rpt -pb FourBitAdder_drc_routed.pb -rpx FourBitAdder_drc_routed.rpx
INFO: [IP_Flow 19-1839] IP Catalog is up to date.
INFO: [DRC 23-27] Running DRC with 2 threads
INFO: [Coretcl 2-168] The results of DRC are in file C:/Users/hammi/Documents/BitBucket/SchoolFPGA/Four_Bit_Adder/Four_Bit_Adder.runs/impl_1/FourBitAdder_drc_routed.rpt.
report_drc completed successfully
INFO: [runtcl-4] Executing : report_methodology -file FourBitAdder_methodology_drc_routed.rpt -pb FourBitAdder_methodology_drc_routed.pb -rpx FourBitAdder_methodology_drc_routed.rpx
Command: report_methodology -file FourBitAdder_methodology_drc_routed.rpt -pb FourBitAdder_methodology_drc_routed.pb -rpx FourBitAdder_methodology_drc_routed.rpx
INFO: [Timing 38-35] Done setting XDC timing constraints.
INFO: [Timing 38-35] Done setting XDC timing constraints.
INFO: [DRC 23-133] Running Methodology with 2 threads
INFO: [Coretcl 2-1520] The results of Report Methodology are in file C:/Users/hammi/Documents/BitBucket/SchoolFPGA/Four_Bit_Adder/Four_Bit_Adder.runs/impl_1/FourBitAdder_methodology_drc_routed.rpt.
report_methodology completed successfully
INFO: [runtcl-4] Executing : report_power -file FourBitAdder_power_routed.rpt -pb FourBitAdder_power_summary_routed.pb -rpx FourBitAdder_power_routed.rpx
Command: report_power -file FourBitAdder_power_routed.rpt -pb FourBitAdder_power_summary_routed.pb -rpx FourBitAdder_power_routed.rpx
WARNING: [Power 33-232] No user defined clocks were found in the design!
Resolution: Please specify clocks using create_clock/create_generated_clock for sequential elements. For pure combinatorial circuits, please specify a virtual clock, otherwise the vectorless estimation might be inaccurate
INFO: [Timing 38-35] Done setting XDC timing constraints.
Running Vector-less Activity Propagation...

Finished Running Vector-less Activity Propagation
64 Infos, 1 Warnings, 0 Critical Warnings and 0 Errors encountered.
report_power completed successfully
INFO: [runtcl-4] Executing : report_route_status -file FourBitAdder_route_status.rpt -pb FourBitAdder_route_status.pb
INFO: [runtcl-4] Executing : report_timing_summary -max_paths 10 -file FourBitAdder_timing_summary_routed.rpt -rpx FourBitAdder_timing_summary_routed.rpx -warn_on_violation 
INFO: [Timing 38-91] UpdateTimingParams: Speed grade: -1, Delay Type: min_max.
INFO: [Timing 38-191] Multithreading enabled for timing update using a maximum of 2 CPUs
WARNING: [Timing 38-313] There are no user specified timing constraints. Timing constraints are needed for proper timing analysis.
INFO: [runtcl-4] Executing : report_incremental_reuse -file FourBitAdder_incremental_reuse_routed.rpt
INFO: [Vivado_Tcl 4-545] No incremental reuse to report, no incremental placement and routing data was found.
INFO: [runtcl-4] Executing : report_clock_utilization -file FourBitAdder_clock_utilization_routed.rpt
Command: write_bitstream -force FourBitAdder.bit
Attempting to get a license for feature 'Implementation' and/or device 'xc7a35t'
INFO: [Common 17-349] Got license for feature 'Implementation' and/or device 'xc7a35t'
Running DRC as a precondition to command write_bitstream
INFO: [IP_Flow 19-1839] IP Catalog is up to date.
INFO: [DRC 23-27] Running DRC with 2 threads
INFO: [Vivado 12-3199] DRC finished with 0 Errors
INFO: [Vivado 12-3200] Please refer to the DRC report (report_drc) for more information.
INFO: [Project 1-821] Please set project.enableDesignId to be 'true'.
INFO: [Designutils 20-2272] Running write_bitstream with 2 threads.
Loading data files...
Loading site data...
Loading route data...
Processing options...
Creating bitmap...
Creating bitstream...
Writing bitstream ./FourBitAdder.bit...
INFO: [Vivado 12-1842] Bitgen Completed Successfully.
INFO: [Project 1-120] WebTalk data collection is mandatory when using a WebPACK part without a full Vivado license. To see the specific WebTalk data collected for your design, open the usage_statistics_webtalk.html or usage_statistics_webtalk.xml file in the implementation directory.
INFO: [Common 17-186] 'C:/Users/hammi/Documents/BitBucket/SchoolFPGA/Four_Bit_Adder/Four_Bit_Adder.runs/impl_1/usage_statistics_webtalk.xml' has been successfully sent to Xilinx on Fri Nov 16 09:19:22 2018. For additional details about this file, please refer to the WebTalk help file at C:/Xilinx/Vivado/2017.4/doc/webtalk_introduction.html.
INFO: [Common 17-83] Releasing license: Implementation
82 Infos, 2 Warnings, 0 Critical Warnings and 0 Errors encountered.
write_bitstream completed successfully
write_bitstream: Time (s): cpu = 00:00:14 ; elapsed = 00:00:17 . Memory (MB): peak = 1634.477 ; gain = 389.398
INFO: [Common 17-206] Exiting Vivado at Fri Nov 16 09:19:22 2018...
